[debug] [2022-05-03T08:35:51.846Z] ----------------------------------------------------------------------
[debug] [2022-05-03T08:35:51.848Z] Command:       C:\Program Files\nodejs\node.exe C:\Users\User\AppData\Roaming\npm\node_modules\firebase-tools\lib\bin\firebase.js init
[debug] [2022-05-03T08:35:51.848Z] CLI Version:   10.6.0
[debug] [2022-05-03T08:35:51.848Z] Platform:      win32
[debug] [2022-05-03T08:35:51.848Z] Node Version:  v16.13.1
[debug] [2022-05-03T08:35:51.867Z] Time:          Tue May 03 2022 14:35:51 GMT+0600 (Bangladesh Standard Time)
[debug] [2022-05-03T08:35:51.867Z] ----------------------------------------------------------------------
[debug] 
[debug] [2022-05-03T08:35:51.935Z] > command requires scopes: ["email","openid","https://www.googleapis.com/auth/cloudplatformprojects.readonly","https://www.googleapis.com/auth/firebase","https://www.googleapis.com/auth/cloud-platform"]
[debug] [2022-05-03T08:35:51.936Z] > authorizing via signed-in user (rahathossain210@gmail.com)
[info] 
     ######## #### ########  ######## ########     ###     ######  ########
     ##        ##  ##     ## ##       ##     ##  ##   ##  ##       ##
     ######    ##  ########  ######   ########  #########  ######  ######
     ##        ##  ##    ##  ##       ##     ## ##     ##       ## ##
     ##       #### ##     ## ######## ########  ##     ##  ######  ########

You're about to initialize a Firebase project in this directory:

  C:\projects\fashion-bd-warehouse-client_side

Before we get started, keep in mind:

  * You are currently outside your home directory
  * You are initializing within an existing Firebase project directory

